c:\users\harish bhagat\documents\games programming\year 3\advanced games programming\coursework\basic game engine\swoosh\swoosh\debug\vc140.pdb
c:\users\harish bhagat\documents\games programming\year 3\advanced games programming\coursework\basic game engine\swoosh\swoosh\debug\vc140.idb
c:\users\harish bhagat\documents\games programming\year 3\advanced games programming\coursework\basic game engine\swoosh\swoosh\debug\bitmap.obj
c:\users\harish bhagat\documents\games programming\year 3\advanced games programming\coursework\basic game engine\swoosh\swoosh\debug\camera.obj
c:\users\harish bhagat\documents\games programming\year 3\advanced games programming\coursework\basic game engine\swoosh\swoosh\debug\glslprogram.obj
c:\users\harish bhagat\documents\games programming\year 3\advanced games programming\coursework\basic game engine\swoosh\swoosh\debug\gl_core_4_3.obj
c:\users\harish bhagat\documents\games programming\year 3\advanced games programming\coursework\basic game engine\swoosh\swoosh\debug\model.obj
c:\users\harish bhagat\documents\games programming\year 3\advanced games programming\coursework\basic game engine\swoosh\swoosh\debug\scene.obj
c:\users\harish bhagat\documents\games programming\year 3\advanced games programming\coursework\basic game engine\swoosh\swoosh\debug\skybox.obj
c:\users\harish bhagat\documents\games programming\year 3\advanced games programming\coursework\basic game engine\swoosh\swoosh\debug\texture.obj
c:\users\harish bhagat\documents\games programming\year 3\advanced games programming\coursework\basic game engine\swoosh\swoosh\debug\window.obj
c:\users\harish bhagat\documents\games programming\year 3\advanced games programming\coursework\basic game engine\swoosh\swoosh\debug\keyboard.obj
c:\users\harish bhagat\documents\games programming\year 3\advanced games programming\coursework\basic game engine\swoosh\swoosh\debug\mouse.obj
c:\users\harish bhagat\documents\games programming\year 3\advanced games programming\coursework\basic game engine\swoosh\swoosh\debug\roomscene.obj
c:\users\harish bhagat\documents\games programming\year 3\advanced games programming\coursework\basic game engine\swoosh\swoosh\debug\main.obj
c:\users\harish bhagat\documents\games programming\year 3\advanced games programming\coursework\basic game engine\swoosh\swoosh\debug\timer.obj
c:\users\harish bhagat\documents\games programming\year 3\advanced games programming\coursework\basic game engine\swoosh\debug\swoosh.ilk
c:\users\harish bhagat\documents\games programming\year 3\advanced games programming\coursework\basic game engine\swoosh\debug\swoosh.exe
c:\users\harish bhagat\documents\games programming\year 3\advanced games programming\coursework\basic game engine\swoosh\debug\swoosh.pdb
c:\users\harish bhagat\documents\games programming\year 3\advanced games programming\coursework\basic game engine\swoosh\swoosh\debug\swoosh.tlog\cl.command.1.tlog
c:\users\harish bhagat\documents\games programming\year 3\advanced games programming\coursework\basic game engine\swoosh\swoosh\debug\swoosh.tlog\cl.read.1.tlog
c:\users\harish bhagat\documents\games programming\year 3\advanced games programming\coursework\basic game engine\swoosh\swoosh\debug\swoosh.tlog\cl.write.1.tlog
c:\users\harish bhagat\documents\games programming\year 3\advanced games programming\coursework\basic game engine\swoosh\swoosh\debug\swoosh.tlog\link.command.1.tlog
c:\users\harish bhagat\documents\games programming\year 3\advanced games programming\coursework\basic game engine\swoosh\swoosh\debug\swoosh.tlog\link.read.1.tlog
c:\users\harish bhagat\documents\games programming\year 3\advanced games programming\coursework\basic game engine\swoosh\swoosh\debug\swoosh.tlog\link.write.1.tlog
